Nov-03-2015 02:58:35 (1446490715)
getLineItemDetails 1
Not using default currency. Thus, no line-item details can be submitted.
=================================

Nov-03-2015 02:58:35 (1446490715)
ec_step1 - 1
Checking to see if we are in markflow
cart contents: physical

NOTE: $this->showPaymentPage = 0
Customer ID: 0
Session Data: Array
(
    [securityToken] => 9d4a8def91bc9938de53277ea1be240a
    [customers_host_address] => 113.207.76.65
    [cartID] => 
    [cart] => shoppingCart Object
        (
            [contents] => Array
                (
                    [1525] => Array
                        (
                            [qty] => 1
                        )

                )

            [total] => 801
            [weight] => 0
            [cartID] => 91093
            [content_type] => physical
            [free_shipping_item] => 0
            [free_shipping_weight] => 0
            [free_shipping_price] => 0
        )

    [check_valid] => true
    [language] => schinese
    [languages_id] => 2
    [languages_code] => cn
    [currency] => CNY
    [today_is] => 2015-11-03
    [updateExpirations] => 1
    [session_counter] => 1
    [customers_ip_address] => 113.207.76.65
    [search_log_term] => 实体娃娃
    [new_products_id_in_cart] => 1525
    [valid_to_checkout] => 1
    [cart_errors] => 
    [payment] => paypalwpp
    [total_weight] => 0
    [total_count] => 1
)

=================================

Nov-03-2015 02:58:35 (1446490715)
ec-step1-addr_check
cart content is not all virtual (or customer is not logged in) ... therefore will be submitting address details
=================================

Nov-03-2015 02:58:35 (1446490715)
getOverrideAddress - 4
not logged in and not in markflow mode - nothing to override
=================================

Nov-03-2015 02:58:35 (1446490715)
ec-step1-addr_check3
address details from override check: <NONE FOUND>
=================================

Nov-03-2015 02:58:35 (1446490715)
ec_step1 - 2 -submit
Array
(
    [CURRENCYCODE] => USD
    [LOCALECODE] => CN
    [GIFTMESSAGEENABLE] => 0
    [GIFTRECEIPTEENABLE] => 0
    [GIFTWRAPENABLE] => 0
    [GIFTWRAPNAME] => 
    [GIFTWRAPAMOUNT] => 0
    [BUYEREMAILOPTINENABLE] => 0
    [CUSTOMERSERVICENUMBER] => 
    [BRANDNAME] => 撸撸商城情趣用品
    [PAYMENTACTION] => Sale
    [ALLOWNOTE] => 1
    [SOLUTIONTYPE] => Sole
    [LANDINGPAGE] => Billing
    [NOSHIPPING] => 0
    [AMT] => 135.69
    [RETURNURL] => http://www.lulusc.com/ipn_main_handler.php?type=ec
    [CANCELURL] => http://www.lulusc.com/shopping_cart.html?ec_cancel=1
)

=================================

Nov-03-2015 02:58:56 (1446490736)
termEC-1
Killed the session vars as requested
=================================

Nov-03-2015 02:58:56 (1446490736)
termEC-2
BEFORE: $this->showPaymentPage = 0
Token Data:
=================================

Nov-03-2015 02:58:56 (1446490736)
termEC-3
AFTER: $this->showPaymentPage = 0
=================================

Nov-03-2015 02:58:56 (1446490736)
termEC-9
We are NOT logged in, so set snapshot to Shipping page, and redirect to login
=================================

Nov-03-2015 02:58:56 (1446490736)
termEC-10
Redirecting to login - Stack: login
Message: An error occurred when we tried to contact the payment processor. Please try again, select an alternate payment method, or contact the store owner for assistance. ()    -  (35) error:14094410:SSL routines:SSL3_READ_BYTES:sslv3 alert handshake failure
Session Data: Array
(
    [securityToken] => 9d4a8def91bc9938de53277ea1be240a
    [customers_host_address] => 113.207.76.65
    [cartID] => 
    [cart] => shoppingCart Object
        (
            [contents] => Array
                (
                    [1525] => Array
                        (
                            [qty] => 1
                        )

                )

            [total] => 801
            [weight] => 0
            [cartID] => 91093
            [content_type] => physical
            [free_shipping_item] => 0
            [free_shipping_weight] => 0
            [free_shipping_price] => 0
        )

    [navigation] => navigationHistory Object
        (
            [path] => Array
                (
                    [0] => Array
                        (
                            [page] => advanced_search_result
                            [mode] => NONSSL
                            [get] => Array
                                (
                                    [search_in_description] => 1
                                    [keyword] => 实体娃娃
                                )

                            [post] => Array
                                (
                                )

                        )

                    [1] => Array
                        (
                            [page] => index
                            [mode] => NONSSL
                            [get] => Array
                                (
                                    [type] => ec
                                )

                            [post] => Array
                                (
                                )

                        )

                )

            [snapshot] => Array
                (
                    [page] => index
                    [mode] => NONSSL
                    [get] => Array
                        (
                            [type] => ec
                        )

                    [post] => Array
                        (
                        )

                )

        )

    [check_valid] => true
    [language] => schinese
    [languages_id] => 2
    [languages_code] => cn
    [currency] => CNY
    [today_is] => 2015-11-03
    [updateExpirations] => 1
    [session_counter] => 1
    [customers_ip_address] => 113.207.76.65
    [search_log_term] => 实体娃娃
    [new_products_id_in_cart] => 1525
    [valid_to_checkout] => 1
    [cart_errors] => 
    [payment] => paypalwpp
    [total_weight] => 0
    [total_count] => 1
    [messageToStack] => Array
        (
            [0] => Array
                (
                    [class] => login
                    [text] => An error occurred when we tried to contact the payment processor. Please try again, select an alternate payment method, or contact the store owner for assistance. ()    -  (35) error:14094410:SSL routines:SSL3_READ_BYTES:sslv3 alert handshake failure
                    [type] => error
                )

        )

)

=================================

